2025-11-04T20:39:21.762017300 - Solicitud de aterrizaje recibida de AER001
2025-11-04T20:39:21.769023800 - Solicitud de aterrizaje recibida de AER002
2025-11-04T20:39:21.769023800 - Solicitud de aterrizaje recibida de AER003
2025-11-04T20:39:21.769023800 - Solicitud de aterrizaje recibida de AER004
2025-11-04T20:39:21.769023800 - Solicitud de aterrizaje recibida de AER005
2025-11-04T20:39:21.769023800 - Solicitud de aterrizaje recibida de AER006
2025-11-04T20:39:21.769023800 - Avión AER001 ha aterrizado.
2025-11-04T20:39:21.769023800 - Avión AER001 en embarque.
2025-11-04T20:39:21.769023800 - Solicitud de despegue recibida de AER001
2025-11-04T20:39:21.785061600 - Avión AER001 ha despegado.
2025-11-04T20:39:21.785061600 - Avión AER002 ha aterrizado.
2025-11-04T20:39:21.787828700 - Avión AER002 en embarque.
2025-11-04T20:39:21.788838900 - Solicitud de despegue recibida de AER002
2025-11-04T20:39:21.789913800 - Avión AER002 ha despegado.
2025-11-04T20:39:21.790921100 - Avión AER003 ha aterrizado.
2025-11-04T20:39:21.791916600 - Avión AER003 en embarque.
2025-11-04T20:39:21.792966800 - Solicitud de despegue recibida de AER003
2025-11-04T20:39:21.792966800 - Avión AER003 ha despegado.
2025-11-04T20:39:21.792966800 - Avión AER004 ha aterrizado.
2025-11-04T20:39:21.792966800 - Avión AER004 en embarque.
2025-11-04T20:39:21.792966800 - Solicitud de despegue recibida de AER004
2025-11-04T20:39:21.792966800 - Avión AER004 ha despegado.
2025-11-04T20:39:21.792966800 - Avión AER005 ha aterrizado.
2025-11-04T20:39:21.802492800 - Avión AER005 en embarque.
2025-11-04T20:39:21.803513300 - Solicitud de despegue recibida de AER005
2025-11-04T20:39:21.805511800 - Avión AER005 ha despegado.
2025-11-04T20:39:21.806514 - Avión AER006 ha aterrizado.
2025-11-04T20:39:21.807515200 - Avión AER006 en embarque.
2025-11-04T20:39:21.809508400 - Solicitud de despegue recibida de AER006
2025-11-04T20:39:21.810518200 - Avión AER006 ha despegado.
2025-11-04T20:41:26.579482800 - Solicitud de aterrizaje recibida de AER001
2025-11-04T20:41:26.587400700 - Solicitud de aterrizaje recibida de AER002
2025-11-04T20:41:26.588407 - Solicitud de aterrizaje recibida de AER003
2025-11-04T20:41:26.589404800 - Solicitud de aterrizaje recibida de AER004
2025-11-04T20:41:26.591403300 - Solicitud de aterrizaje recibida de AER005
2025-11-04T20:41:26.592402600 - Solicitud de aterrizaje recibida de AER006
2025-11-04T20:41:26.600424 - Avión AER001 ha aterrizado.
2025-11-04T20:41:26.602666700 - Avión AER001 en embarque.
2025-11-04T20:41:26.603222900 - Solicitud de despegue recibida de AER001
2025-11-04T20:41:26.607334200 - Avión AER001 ha despegado.
2025-11-04T20:41:26.607334200 - Avión AER002 ha aterrizado.
2025-11-04T20:41:26.607334200 - Avión AER002 en embarque.
2025-11-04T20:41:26.611992500 - Solicitud de despegue recibida de AER002
2025-11-04T20:41:26.614012900 - Avión AER002 ha despegado.
2025-11-04T20:41:26.616030900 - Avión AER003 ha aterrizado.
2025-11-04T20:41:26.616030900 - Avión AER003 en embarque.
2025-11-04T20:41:26.618046 - Solicitud de despegue recibida de AER003
2025-11-04T20:41:26.619987600 - Avión AER003 ha despegado.
2025-11-04T20:41:26.619987600 - Avión AER004 ha aterrizado.
2025-11-04T20:41:26.619987600 - Avión AER004 en embarque.
2025-11-04T20:41:26.624511200 - Solicitud de despegue recibida de AER004
2025-11-04T20:41:26.624511200 - Avión AER004 ha despegado.
2025-11-04T20:41:26.624511200 - Avión AER005 ha aterrizado.
2025-11-04T20:41:26.624511200 - Avión AER005 en embarque.
2025-11-04T20:41:26.624511200 - Solicitud de despegue recibida de AER005
2025-11-04T20:41:26.624511200 - Avión AER005 ha despegado.
2025-11-04T20:41:26.624511200 - Avión AER006 ha aterrizado.
2025-11-04T20:41:26.636033600 - Avión AER006 en embarque.
2025-11-04T20:41:26.636974300 - Solicitud de despegue recibida de AER006
2025-11-04T20:41:26.636974300 - Avión AER006 ha despegado.
2025-11-04T20:48:54.851099500 - Solicitud de aterrizaje recibida de AER001
2025-11-04T20:48:54.859102200 - Solicitud de aterrizaje recibida de AER002
2025-11-04T20:48:54.860098800 - Solicitud de aterrizaje recibida de AER003
2025-11-04T20:48:54.861100400 - Solicitud de aterrizaje recibida de AER004
2025-11-04T20:48:54.862099500 - Solicitud de aterrizaje recibida de AER005
2025-11-04T20:48:54.863100100 - Solicitud de aterrizaje recibida de AER006
2025-11-04T20:48:54.870095100 - Avión AER001 ha aterrizado.
2025-11-04T20:48:54.872100200 - Avión AER001 en embarque.
2025-11-04T20:48:54.874095800 - Solicitud de despegue recibida de AER001
2025-11-04T20:48:54.875100200 - Avión AER001 ha despegado.
2025-11-04T20:48:54.876093900 - Avión AER002 ha aterrizado.
2025-11-04T20:48:54.877101700 - Avión AER002 en embarque.
2025-11-04T20:48:54.878107900 - Solicitud de despegue recibida de AER002
2025-11-04T20:48:54.880100400 - Avión AER002 ha despegado.
2025-11-04T20:48:54.881096800 - Avión AER003 ha aterrizado.
2025-11-04T20:48:54.882097400 - Avión AER003 en embarque.
2025-11-04T20:48:54.884094600 - Solicitud de despegue recibida de AER003
2025-11-04T20:48:54.885100300 - Avión AER003 ha despegado.
2025-11-04T20:48:54.887099200 - Avión AER004 ha aterrizado.
2025-11-04T20:48:54.888096400 - Avión AER004 en embarque.
2025-11-04T20:48:54.891096100 - Solicitud de despegue recibida de AER004
2025-11-04T20:48:54.892095100 - Avión AER004 ha despegado.
2025-11-04T20:48:54.894102400 - Avión AER005 ha aterrizado.
2025-11-04T20:48:54.895098200 - Avión AER005 en embarque.
2025-11-04T20:48:54.899103500 - Solicitud de despegue recibida de AER005
2025-11-04T20:48:54.901099800 - Avión AER005 ha despegado.
2025-11-04T20:48:54.902098500 - Avión AER006 ha aterrizado.
2025-11-04T20:48:54.903097900 - Avión AER006 en embarque.
2025-11-04T20:48:54.905100900 - Solicitud de despegue recibida de AER006
2025-11-04T20:48:54.907094600 - Avión AER006 ha despegado.
